<?xml version="1.0" encoding="UTF-8"?>
<!-- Generated by org.testng.reporters.JUnitXMLReporter -->
<testsuite ignored="0" hostname="LAPTOP-NT3Q1KMT" failures="0" tests="4" name="Default test" time="22.075" errors="0" timestamp="2024-01-06T10:21:43 IST">
  <testcase classname="com.digitalresumebuilder.test.TestClassProfile" name="verifyMyprofile" time="0.81"/>
  <testcase classname="com.digitalresumebuilder.test.TestClassProfile" name="verifycreateprofilenow" time="1.2"/>
  <testcase classname="com.digitalresumebuilder.test.TestClassProfile" name="verifycreate" time="6.019"/>
  <testcase classname="com.digitalresumebuilder.test.TestClassProfile" name="verifytemplate" time="1.783"/>
</testsuite> <!-- Default test -->
