<?xml version="1.0" encoding="UTF-8"?>
<!-- Generated by org.testng.reporters.JUnitXMLReporter -->
<testsuite ignored="0" hostname="LAPTOP-NT3Q1KMT" failures="0" tests="5" name="Default test" time="22.579" errors="0" timestamp="2024-01-07T17:57:09 IST">
  <testcase classname="com.digitalresumebuilder.test.TestClassProfile" name="verifyMyprofile" time="0.754"/>
  <testcase classname="com.digitalresumebuilder.test.TestClassProfile" name="verifycreateprofilenow" time="1.268"/>
  <testcase classname="com.digitalresumebuilder.test.TestClassProfile" name="verifycreate" time="6.047"/>
  <testcase classname="com.digitalresumebuilder.test.TestClassProfile" name="verifytemplate" time="1.006"/>
  <testcase classname="com.digitalresumebuilder.test.TestClassProfile" name="verifyweblink" time="1.002"/>
</testsuite> <!-- Default test -->
