<?xml version="1.0" encoding="UTF-8"?>
<testng-results ignored="0" total="1" passed="1" failed="0" skipped="0">
  <reporter-output>
  </reporter-output>
  <suite started-at="2024-01-05T22:40:06 IST" name="Default suite" finished-at="2024-01-05T22:40:29 IST" duration-ms="23571">
    <groups>
    </groups>
    <test started-at="2024-01-05T22:40:06 IST" name="Default test" finished-at="2024-01-05T22:40:29 IST" duration-ms="23571">
      <class name="com.digitalresumebuilder.test.TestMyProfile">
        <test-method is-config="true" signature="set()[pri:0, instance:com.digitalresumebuilder.test.TestMyProfile@79924b]" started-at="2024-01-05T22:40:06 IST" name="set" finished-at="2024-01-05T22:40:27 IST" duration-ms="21613" status="PASS">
          <reporter-output>
          </reporter-output>
        </test-method> <!-- set -->
        <test-method signature="profiletestcase1()[pri:0, instance:com.digitalresumebuilder.test.TestMyProfile@79924b]" started-at="2024-01-05T22:40:27 IST" name="profiletestcase1" finished-at="2024-01-05T22:40:29 IST" duration-ms="1899" status="PASS">
          <reporter-output>
          </reporter-output>
        </test-method> <!-- profiletestcase1 -->
      </class> <!-- com.digitalresumebuilder.test.TestMyProfile -->
    </test> <!-- Default test -->
  </suite> <!-- Default suite -->
</testng-results>
